<?xml version="1.0" encoding="UTF-8"?>
<TestRun id="7b7b6c68-5b20-434d-bebc-97ef3916e079" name="epnichols@MACBOOK-WIN7 2012-07-13 14:12:59" runUser="MacBook-Win7\epnichols" xmlns="http://microsoft.com/schemas/VisualStudio/TeamTest/2010">
  <TestSettings name="Default Test Settings" id="49b94a49-ffff-48dc-af8c-45fee509ed1c">
    <Deployment runDeploymentRoot="epnichols_MACBOOK-WIN7 2012-07-13 14_12_59">
      <DeploymentItem filename="C:\Users\epnichols\Documents\Visual Studio 2010\Projects\RhythmCat\GroundTruthParser\bin\Debug\GroundTruthParser.dll" />
      <DeploymentItem filename="C:\Users\epnichols\Documents\Visual Studio 2010\Projects\RhythmCat\RhythmCat\bin\Debug\RhythmCat.exe" />
    </Deployment>
    <Execution>
      <TestTypeSpecific />
      <AgentRule name="Execution Agents">
      </AgentRule>
    </Execution>
  </TestSettings>
  <Times creation="2012-07-13T14:12:59.6369956-04:00" queuing="2012-07-13T14:12:59.9333961-04:00" start="2012-07-13T14:12:59.9489961-04:00" finish="2012-07-13T14:13:00.9941980-04:00" />
  <ResultSummary outcome="Inconclusive">
    <Counters total="11" executed="11" passed="9" error="0" failed="0" timeout="0" aborted="0" inconclusive="2" passedButRunAborted="0" notRunnable="0" notExecuted="0" disconnected="0" warning="0" completed="0" inProgress="0" pending="0" />
  </ResultSummary>
  <TestDefinitions>
    <UnitTest name="TestParseMeasures" storage="c:\users\epnichols\documents\visual studio 2010\projects\rhythmcat\rhythmcattests\bin\debug\rhythmcattests.dll" id="ec43728e-17fa-a272-1f36-181563a2be47">
      <Execution id="55ee1d73-20cc-465e-841c-1e9a49e40562" />
      <TestMethod codeBase="C:/Users/epnichols/Documents/Visual Studio 2010/Projects/RhythmCat/RhythmCatTests/bin/Debug/RhythmCatTests.DLL" adapterTypeName="Microsoft.VisualStudio.TestTools.TestTypes.Unit.UnitTestAdapter, Microsoft.VisualStudio.QualityTools.Tips.UnitTest.Adapter, Version=10.0.0.0, Culture=neutral, PublicKeyToken=b03f5f7f11d50a3a" className="RhythmCatTests.RhythmTest, RhythmCatTests, Version=1.0.0.0, Culture=neutral, PublicKeyToken=null" name="TestParseMeasures" />
    </UnitTest>
    <UnitTest name="GetAlphabetsWithLikelihoodsTest2" storage="c:\users\epnichols\documents\visual studio 2010\projects\rhythmcat\rhythmcattests\bin\debug\rhythmcattests.dll" id="4050e997-a130-e455-f0aa-c2003360c489">
      <Execution id="3d847e5f-5618-4cb8-adf0-f954dbea874f" />
      <TestMethod codeBase="C:/Users/epnichols/Documents/Visual Studio 2010/Projects/RhythmCat/RhythmCatTests/bin/Debug/RhythmCatTests.DLL" adapterTypeName="Microsoft.VisualStudio.TestTools.TestTypes.Unit.UnitTestAdapter, Microsoft.VisualStudio.QualityTools.Tips.UnitTest.Adapter, Version=10.0.0.0, Culture=neutral, PublicKeyToken=b03f5f7f11d50a3a" className="RhythmCatTests.GroupTest, RhythmCatTests, Version=1.0.0.0, Culture=neutral, PublicKeyToken=null" name="GetAlphabetsWithLikelihoodsTest2" />
    </UnitTest>
    <UnitTest name="GetAttackPointLevelsTest34" storage="c:\users\epnichols\documents\visual studio 2010\projects\rhythmcat\rhythmcattests\bin\debug\rhythmcattests.dll" id="bf08efd6-6d91-b193-a262-43ecb34dba53">
      <Execution id="ce94ea5a-e0a2-460c-87df-1bdc45d4a0e8" />
      <TestMethod codeBase="C:/Users/epnichols/Documents/Visual Studio 2010/Projects/RhythmCat/RhythmCatTests/bin/Debug/RhythmCatTests.DLL" adapterTypeName="Microsoft.VisualStudio.TestTools.TestTypes.Unit.UnitTestAdapter, Microsoft.VisualStudio.QualityTools.Tips.UnitTest.Adapter, Version=10.0.0.0, Culture=neutral, PublicKeyToken=b03f5f7f11d50a3a" className="RhythmCatTests.MeasureTest, RhythmCatTests, Version=1.0.0.0, Culture=neutral, PublicKeyToken=null" name="GetAttackPointLevelsTest34" />
    </UnitTest>
    <UnitTest name="TestGetAlphabets" storage="c:\users\epnichols\documents\visual studio 2010\projects\rhythmcat\rhythmcattests\bin\debug\rhythmcattests.dll" id="98e58ba9-e175-0bce-64c9-41e4e689a432">
      <Execution id="79aebc81-ede0-432f-9cb6-019313161436" />
      <TestMethod codeBase="C:/Users/epnichols/Documents/Visual Studio 2010/Projects/RhythmCat/RhythmCatTests/bin/Debug/RhythmCatTests.DLL" adapterTypeName="Microsoft.VisualStudio.TestTools.TestTypes.Unit.UnitTestAdapter, Microsoft.VisualStudio.QualityTools.Tips.UnitTest.Adapter, Version=10.0.0.0, Culture=neutral, PublicKeyToken=b03f5f7f11d50a3a" className="RhythmCatTests.AlphabetTest, RhythmCatTests, Version=1.0.0.0, Culture=neutral, PublicKeyToken=null" name="TestGetAlphabets" />
    </UnitTest>
    <UnitTest name="TestExpectationVector" storage="c:\users\epnichols\documents\visual studio 2010\projects\rhythmcat\rhythmcattests\bin\debug\rhythmcattests.dll" id="60346bc6-447b-1856-4996-1496b72a2196">
      <Execution id="31329ea3-2735-4691-834e-10b85abee940" />
      <TestMethod codeBase="C:/Users/epnichols/Documents/Visual Studio 2010/Projects/RhythmCat/RhythmCatTests/bin/Debug/RhythmCatTests.DLL" adapterTypeName="Microsoft.VisualStudio.TestTools.TestTypes.Unit.UnitTestAdapter, Microsoft.VisualStudio.QualityTools.Tips.UnitTest.Adapter, Version=10.0.0.0, Culture=neutral, PublicKeyToken=b03f5f7f11d50a3a" className="RhythmCatTests.TestLarsonExpectedness, RhythmCatTests, Version=1.0.0.0, Culture=neutral, PublicKeyToken=null" name="TestExpectationVector" />
    </UnitTest>
    <UnitTest name="GetMajorScaleAlphabetWithTriadOnDegreeTest" storage="c:\users\epnichols\documents\visual studio 2010\projects\rhythmcat\rhythmcattests\bin\debug\rhythmcattests.dll" id="8fbdded3-bfb5-ed36-ea4a-a66afc34622d">
      <Execution id="6d96da96-e074-4006-bb80-355e20ab22e7" />
      <TestMethod codeBase="C:/Users/epnichols/Documents/Visual Studio 2010/Projects/RhythmCat/RhythmCatTests/bin/Debug/RhythmCatTests.DLL" adapterTypeName="Microsoft.VisualStudio.TestTools.TestTypes.Unit.UnitTestAdapter, Microsoft.VisualStudio.QualityTools.Tips.UnitTest.Adapter, Version=10.0.0.0, Culture=neutral, PublicKeyToken=b03f5f7f11d50a3a" className="RhythmCatTests.AlphabetTest, RhythmCatTests, Version=1.0.0.0, Culture=neutral, PublicKeyToken=null" name="GetMajorScaleAlphabetWithTriadOnDegreeTest" />
    </UnitTest>
    <UnitTest name="GetAttackPointLevelsTest44" storage="c:\users\epnichols\documents\visual studio 2010\projects\rhythmcat\rhythmcattests\bin\debug\rhythmcattests.dll" id="c2d3e0e9-d4e2-a4f0-3b31-76b55c0309f5">
      <Execution id="16927a2e-d5df-4d92-8b4b-1c534550c356" />
      <TestMethod codeBase="C:/Users/epnichols/Documents/Visual Studio 2010/Projects/RhythmCat/RhythmCatTests/bin/Debug/RhythmCatTests.DLL" adapterTypeName="Microsoft.VisualStudio.TestTools.TestTypes.Unit.UnitTestAdapter, Microsoft.VisualStudio.QualityTools.Tips.UnitTest.Adapter, Version=10.0.0.0, Culture=neutral, PublicKeyToken=b03f5f7f11d50a3a" className="RhythmCatTests.MeasureTest, RhythmCatTests, Version=1.0.0.0, Culture=neutral, PublicKeyToken=null" name="GetAttackPointLevelsTest44" />
    </UnitTest>
    <UnitTest name="GetAlphabetsWithLikelihoodsTest1" storage="c:\users\epnichols\documents\visual studio 2010\projects\rhythmcat\rhythmcattests\bin\debug\rhythmcattests.dll" id="4517ac27-71db-2528-43bd-593ea40ca0b6">
      <Execution id="8e43e8e9-3396-4264-b156-8d8cf47f435a" />
      <TestMethod codeBase="C:/Users/epnichols/Documents/Visual Studio 2010/Projects/RhythmCat/RhythmCatTests/bin/Debug/RhythmCatTests.DLL" adapterTypeName="Microsoft.VisualStudio.TestTools.TestTypes.Unit.UnitTestAdapter, Microsoft.VisualStudio.QualityTools.Tips.UnitTest.Adapter, Version=10.0.0.0, Culture=neutral, PublicKeyToken=b03f5f7f11d50a3a" className="RhythmCatTests.GroupTest, RhythmCatTests, Version=1.0.0.0, Culture=neutral, PublicKeyToken=null" name="GetAlphabetsWithLikelihoodsTest1" />
    </UnitTest>
    <UnitTest name="TestShiftRhythmMeasures" storage="c:\users\epnichols\documents\visual studio 2010\projects\rhythmcat\rhythmcattests\bin\debug\rhythmcattests.dll" id="7dab547a-8352-7397-de2e-8d1272634259">
      <Execution id="a4a8a01d-faef-4b6b-904e-4071910d7a5f" />
      <TestMethod codeBase="C:/Users/epnichols/Documents/Visual Studio 2010/Projects/RhythmCat/RhythmCatTests/bin/Debug/RhythmCatTests.DLL" adapterTypeName="Microsoft.VisualStudio.TestTools.TestTypes.Unit.UnitTestAdapter, Microsoft.VisualStudio.QualityTools.Tips.UnitTest.Adapter, Version=10.0.0.0, Culture=neutral, PublicKeyToken=b03f5f7f11d50a3a" className="RhythmCatTests.RhythmTest, RhythmCatTests, Version=1.0.0.0, Culture=neutral, PublicKeyToken=null" name="TestShiftRhythmMeasures" />
    </UnitTest>
    <UnitTest name="TestParseMeasuresKey" storage="c:\users\epnichols\documents\visual studio 2010\projects\rhythmcat\rhythmcattests\bin\debug\rhythmcattests.dll" id="2e9cd80c-6551-0cf8-e12c-f9192c13bd94">
      <Execution id="901da55d-4b4e-4da7-b63c-033b51f174fc" />
      <TestMethod codeBase="C:/Users/epnichols/Documents/Visual Studio 2010/Projects/RhythmCat/RhythmCatTests/bin/Debug/RhythmCatTests.DLL" adapterTypeName="Microsoft.VisualStudio.TestTools.TestTypes.Unit.UnitTestAdapter, Microsoft.VisualStudio.QualityTools.Tips.UnitTest.Adapter, Version=10.0.0.0, Culture=neutral, PublicKeyToken=b03f5f7f11d50a3a" className="RhythmCatTests.RhythmTest, RhythmCatTests, Version=1.0.0.0, Culture=neutral, PublicKeyToken=null" name="TestParseMeasuresKey" />
    </UnitTest>
    <UnitTest name="GetAlphabetFromScaleWithTriadOnDegreeTest" storage="c:\users\epnichols\documents\visual studio 2010\projects\rhythmcat\rhythmcattests\bin\debug\rhythmcattests.dll" id="99eef4d8-b42a-db69-936e-d4f83503c233">
      <Execution id="baad18f4-414e-49d5-bf03-9c42e0c8fc6e" />
      <TestMethod codeBase="C:/Users/epnichols/Documents/Visual Studio 2010/Projects/RhythmCat/RhythmCatTests/bin/Debug/RhythmCatTests.DLL" adapterTypeName="Microsoft.VisualStudio.TestTools.TestTypes.Unit.UnitTestAdapter, Microsoft.VisualStudio.QualityTools.Tips.UnitTest.Adapter, Version=10.0.0.0, Culture=neutral, PublicKeyToken=b03f5f7f11d50a3a" className="RhythmCatTests.AlphabetTest, RhythmCatTests, Version=1.0.0.0, Culture=neutral, PublicKeyToken=null" name="GetAlphabetFromScaleWithTriadOnDegreeTest" />
    </UnitTest>
  </TestDefinitions>
  <TestLists>
    <TestList name="Results Not in a List" id="8c84fa94-04c1-424b-9868-57a2d4851a1d" />
    <TestList name="All Loaded Results" id="19431567-8539-422a-85d7-44ee4e166bda" />
  </TestLists>
  <TestEntries>
    <TestEntry testId="2e9cd80c-6551-0cf8-e12c-f9192c13bd94" executionId="901da55d-4b4e-4da7-b63c-033b51f174fc" testListId="8c84fa94-04c1-424b-9868-57a2d4851a1d" />
    <TestEntry testId="4050e997-a130-e455-f0aa-c2003360c489" executionId="3d847e5f-5618-4cb8-adf0-f954dbea874f" testListId="8c84fa94-04c1-424b-9868-57a2d4851a1d" />
    <TestEntry testId="4517ac27-71db-2528-43bd-593ea40ca0b6" executionId="8e43e8e9-3396-4264-b156-8d8cf47f435a" testListId="8c84fa94-04c1-424b-9868-57a2d4851a1d" />
    <TestEntry testId="60346bc6-447b-1856-4996-1496b72a2196" executionId="31329ea3-2735-4691-834e-10b85abee940" testListId="8c84fa94-04c1-424b-9868-57a2d4851a1d" />
    <TestEntry testId="7dab547a-8352-7397-de2e-8d1272634259" executionId="a4a8a01d-faef-4b6b-904e-4071910d7a5f" testListId="8c84fa94-04c1-424b-9868-57a2d4851a1d" />
    <TestEntry testId="8fbdded3-bfb5-ed36-ea4a-a66afc34622d" executionId="6d96da96-e074-4006-bb80-355e20ab22e7" testListId="8c84fa94-04c1-424b-9868-57a2d4851a1d" />
    <TestEntry testId="98e58ba9-e175-0bce-64c9-41e4e689a432" executionId="79aebc81-ede0-432f-9cb6-019313161436" testListId="8c84fa94-04c1-424b-9868-57a2d4851a1d" />
    <TestEntry testId="99eef4d8-b42a-db69-936e-d4f83503c233" executionId="baad18f4-414e-49d5-bf03-9c42e0c8fc6e" testListId="8c84fa94-04c1-424b-9868-57a2d4851a1d" />
    <TestEntry testId="bf08efd6-6d91-b193-a262-43ecb34dba53" executionId="ce94ea5a-e0a2-460c-87df-1bdc45d4a0e8" testListId="8c84fa94-04c1-424b-9868-57a2d4851a1d" />
    <TestEntry testId="c2d3e0e9-d4e2-a4f0-3b31-76b55c0309f5" executionId="16927a2e-d5df-4d92-8b4b-1c534550c356" testListId="8c84fa94-04c1-424b-9868-57a2d4851a1d" />
    <TestEntry testId="ec43728e-17fa-a272-1f36-181563a2be47" executionId="55ee1d73-20cc-465e-841c-1e9a49e40562" testListId="8c84fa94-04c1-424b-9868-57a2d4851a1d" />
  </TestEntries>
  <Results>
    <UnitTestResult executionId="901da55d-4b4e-4da7-b63c-033b51f174fc" testId="2e9cd80c-6551-0cf8-e12c-f9192c13bd94" testName="TestParseMeasuresKey" computerName="MACBOOK-WIN7" duration="00:00:00.0683777" startTime="2012-07-13T14:12:59.9645962-04:00" endTime="2012-07-13T14:13:00.4949971-04:00" testType="13cdc9d9-ddb5-4fa4-a97d-d965ccfc6d4b" outcome="Passed" testListId="8c84fa94-04c1-424b-9868-57a2d4851a1d" relativeResultsDirectory="901da55d-4b4e-4da7-b63c-033b51f174fc">
    </UnitTestResult>
    <UnitTestResult executionId="3d847e5f-5618-4cb8-adf0-f954dbea874f" testId="4050e997-a130-e455-f0aa-c2003360c489" testName="GetAlphabetsWithLikelihoodsTest2" computerName="MACBOOK-WIN7" duration="00:00:00.0703563" startTime="2012-07-13T14:13:00.4949971-04:00" endTime="2012-07-13T14:13:00.5729972-04:00" testType="13cdc9d9-ddb5-4fa4-a97d-d965ccfc6d4b" outcome="Inconclusive" testListId="8c84fa94-04c1-424b-9868-57a2d4851a1d" relativeResultsDirectory="3d847e5f-5618-4cb8-adf0-f954dbea874f">
      <Output>
        <ErrorInfo>
          <Message>Assert.Inconclusive failed. Verify the correctness of this test method.</Message>
          <StackTrace>   at RhythmCatTests.GroupTest.GetAlphabetsWithLikelihoodsTest2() in C:\Users\epnichols\Documents\Visual Studio 2010\Projects\RhythmCat\RhythmCatTests\GroupTest.cs:line 111
</StackTrace>
        </ErrorInfo>
      </Output>
    </UnitTestResult>
    <UnitTestResult executionId="8e43e8e9-3396-4264-b156-8d8cf47f435a" testId="4517ac27-71db-2528-43bd-593ea40ca0b6" testName="GetAlphabetsWithLikelihoodsTest1" computerName="MACBOOK-WIN7" duration="00:00:00.0030909" startTime="2012-07-13T14:13:00.5729972-04:00" endTime="2012-07-13T14:13:00.5885973-04:00" testType="13cdc9d9-ddb5-4fa4-a97d-d965ccfc6d4b" outcome="Inconclusive" testListId="8c84fa94-04c1-424b-9868-57a2d4851a1d" relativeResultsDirectory="8e43e8e9-3396-4264-b156-8d8cf47f435a">
      <Output>
        <ErrorInfo>
          <Message>Assert.Inconclusive failed. Verify the correctness of this test method.</Message>
          <StackTrace>   at RhythmCatTests.GroupTest.GetAlphabetsWithLikelihoodsTest1() in C:\Users\epnichols\Documents\Visual Studio 2010\Projects\RhythmCat\RhythmCatTests\GroupTest.cs:line 86
</StackTrace>
        </ErrorInfo>
      </Output>
    </UnitTestResult>
    <UnitTestResult executionId="31329ea3-2735-4691-834e-10b85abee940" testId="60346bc6-447b-1856-4996-1496b72a2196" testName="TestExpectationVector" computerName="MACBOOK-WIN7" duration="00:00:00.0162759" startTime="2012-07-13T14:13:00.6041973-04:00" endTime="2012-07-13T14:13:00.6197973-04:00" testType="13cdc9d9-ddb5-4fa4-a97d-d965ccfc6d4b" outcome="Passed" testListId="8c84fa94-04c1-424b-9868-57a2d4851a1d" relativeResultsDirectory="31329ea3-2735-4691-834e-10b85abee940">
      <Output>
        <StdOut>C4: 0
D4: 0
E4: 0.187
F4: 0.187
MIN: G4: -0.137
MAX: A4: 0.187
MIN: B4: 0.127
MAX: C5: 0.592
MIN: C5: -0.187
MAX: B4: 0
MIN: A4: -0.13
G#4: 0.335
MAX: G4: 0.68
MIN: F4: 0.275
MAX: E4: 0.599
D4: 0.275
C#4: 0.275
MAX: C4: 0.659
MIN: B3: 0.187
C4: 0.218</StdOut>
      </Output>
    </UnitTestResult>
    <UnitTestResult executionId="a4a8a01d-faef-4b6b-904e-4071910d7a5f" testId="7dab547a-8352-7397-de2e-8d1272634259" testName="TestShiftRhythmMeasures" computerName="MACBOOK-WIN7" duration="00:00:00.0084556" startTime="2012-07-13T14:13:00.6353973-04:00" endTime="2012-07-13T14:13:00.6509974-04:00" testType="13cdc9d9-ddb5-4fa4-a97d-d965ccfc6d4b" outcome="Passed" testListId="8c84fa94-04c1-424b-9868-57a2d4851a1d" relativeResultsDirectory="a4a8a01d-faef-4b6b-904e-4071910d7a5f">
    </UnitTestResult>
    <UnitTestResult executionId="6d96da96-e074-4006-bb80-355e20ab22e7" testId="8fbdded3-bfb5-ed36-ea4a-a66afc34622d" testName="GetMajorScaleAlphabetWithTriadOnDegreeTest" computerName="MACBOOK-WIN7" duration="00:00:00.0022485" startTime="2012-07-13T14:13:00.6509974-04:00" endTime="2012-07-13T14:13:00.6665974-04:00" testType="13cdc9d9-ddb5-4fa4-a97d-d965ccfc6d4b" outcome="Passed" testListId="8c84fa94-04c1-424b-9868-57a2d4851a1d" relativeResultsDirectory="6d96da96-e074-4006-bb80-355e20ab22e7">
    </UnitTestResult>
    <UnitTestResult executionId="79aebc81-ede0-432f-9cb6-019313161436" testId="98e58ba9-e175-0bce-64c9-41e4e689a432" testName="TestGetAlphabets" computerName="MACBOOK-WIN7" duration="00:00:00.0052939" startTime="2012-07-13T14:13:00.6665974-04:00" endTime="2012-07-13T14:13:00.6821974-04:00" testType="13cdc9d9-ddb5-4fa4-a97d-d965ccfc6d4b" outcome="Passed" testListId="8c84fa94-04c1-424b-9868-57a2d4851a1d" relativeResultsDirectory="79aebc81-ede0-432f-9cb6-019313161436">
      <Output>
        <StdOut>Major
1 2 3 4 5 6 7 
2 4 6 1 
4 6 1 
4 6 1 3 
Minor
1 2 3b 4 5 6b 7b 
2 4 6b 1 
4 6b 1 
4 6b 1 3b 
1 2 3b 4 5 6 7 
2 4 6 1 
4 6 1 
4 6 1 3b 
1 2 3b 4 5 6b 7</StdOut>
      </Output>
    </UnitTestResult>
    <UnitTestResult executionId="baad18f4-414e-49d5-bf03-9c42e0c8fc6e" testId="99eef4d8-b42a-db69-936e-d4f83503c233" testName="GetAlphabetFromScaleWithTriadOnDegreeTest" computerName="MACBOOK-WIN7" duration="00:00:00.0108252" startTime="2012-07-13T14:13:00.6821974-04:00" endTime="2012-07-13T14:13:00.7133975-04:00" testType="13cdc9d9-ddb5-4fa4-a97d-d965ccfc6d4b" outcome="Passed" testListId="8c84fa94-04c1-424b-9868-57a2d4851a1d" relativeResultsDirectory="baad18f4-414e-49d5-bf03-9c42e0c8fc6e">
    </UnitTestResult>
    <UnitTestResult executionId="ce94ea5a-e0a2-460c-87df-1bdc45d4a0e8" testId="bf08efd6-6d91-b193-a262-43ecb34dba53" testName="GetAttackPointLevelsTest34" computerName="MACBOOK-WIN7" duration="00:00:00.0013036" startTime="2012-07-13T14:13:00.7133975-04:00" endTime="2012-07-13T14:13:00.7289975-04:00" testType="13cdc9d9-ddb5-4fa4-a97d-d965ccfc6d4b" outcome="Passed" testListId="8c84fa94-04c1-424b-9868-57a2d4851a1d" relativeResultsDirectory="ce94ea5a-e0a2-460c-87df-1bdc45d4a0e8">
    </UnitTestResult>
    <UnitTestResult executionId="16927a2e-d5df-4d92-8b4b-1c534550c356" testId="c2d3e0e9-d4e2-a4f0-3b31-76b55c0309f5" testName="GetAttackPointLevelsTest44" computerName="MACBOOK-WIN7" duration="00:00:00.0008256" startTime="2012-07-13T14:13:00.7289975-04:00" endTime="2012-07-13T14:13:00.7445975-04:00" testType="13cdc9d9-ddb5-4fa4-a97d-d965ccfc6d4b" outcome="Passed" testListId="8c84fa94-04c1-424b-9868-57a2d4851a1d" relativeResultsDirectory="16927a2e-d5df-4d92-8b4b-1c534550c356">
    </UnitTestResult>
    <UnitTestResult executionId="55ee1d73-20cc-465e-841c-1e9a49e40562" testId="ec43728e-17fa-a272-1f36-181563a2be47" testName="TestParseMeasures" computerName="MACBOOK-WIN7" duration="00:00:00.0049252" startTime="2012-07-13T14:13:00.7445975-04:00" endTime="2012-07-13T14:13:00.7601976-04:00" testType="13cdc9d9-ddb5-4fa4-a97d-d965ccfc6d4b" outcome="Passed" testListId="8c84fa94-04c1-424b-9868-57a2d4851a1d" relativeResultsDirectory="55ee1d73-20cc-465e-841c-1e9a49e40562">
    </UnitTestResult>
  </Results>
</TestRun>