<?xml version="1.0" encoding="UTF-8"?>
<TestRun id="16a24a36-d698-4e0b-b236-e903be57d4e8" name="epnichols@MACBOOK-WIN7 2012-07-13 14:52:45" runUser="MacBook-Win7\epnichols" xmlns="http://microsoft.com/schemas/VisualStudio/TeamTest/2010">
  <TestSettings name="Default Test Settings" id="db595abd-e8b4-45b2-8633-e0f5bbc7fd2a">
    <Deployment runDeploymentRoot="epnichols_MACBOOK-WIN7 2012-07-13 14_52_45">
      <DeploymentItem filename="C:\Users\epnichols\Documents\Visual Studio 2010\Projects\RhythmCat\GroundTruthParser\bin\Debug\GroundTruthParser.dll" />
      <DeploymentItem filename="C:\Users\epnichols\Documents\Visual Studio 2010\Projects\RhythmCat\RhythmCat\bin\Debug\RhythmCat.exe" />
    </Deployment>
    <Execution>
      <TestTypeSpecific />
      <AgentRule name="Execution Agents">
      </AgentRule>
    </Execution>
  </TestSettings>
  <Times creation="2012-07-13T14:52:45.6975328-04:00" queuing="2012-07-13T14:52:45.9285460-04:00" start="2012-07-13T14:52:45.9505473-04:00" finish="2012-07-13T14:52:46.8275974-04:00" />
  <ResultSummary outcome="Failed">
    <Counters total="11" executed="11" passed="9" error="0" failed="2" timeout="0" aborted="0" inconclusive="0" passedButRunAborted="0" notRunnable="0" notExecuted="0" disconnected="0" warning="0" completed="0" inProgress="0" pending="0" />
  </ResultSummary>
  <TestDefinitions>
    <UnitTest name="TestParseMeasures" storage="c:\users\epnichols\documents\visual studio 2010\projects\rhythmcat\rhythmcattests\bin\debug\rhythmcattests.dll" id="ec43728e-17fa-a272-1f36-181563a2be47">
      <Execution id="4589f7db-6b92-465a-a547-111ce33b7ea5" />
      <TestMethod codeBase="C:/Users/epnichols/Documents/Visual Studio 2010/Projects/RhythmCat/RhythmCatTests/bin/Debug/RhythmCatTests.DLL" adapterTypeName="Microsoft.VisualStudio.TestTools.TestTypes.Unit.UnitTestAdapter, Microsoft.VisualStudio.QualityTools.Tips.UnitTest.Adapter, Version=10.0.0.0, Culture=neutral, PublicKeyToken=b03f5f7f11d50a3a" className="RhythmCatTests.RhythmTest, RhythmCatTests, Version=1.0.0.0, Culture=neutral, PublicKeyToken=null" name="TestParseMeasures" />
    </UnitTest>
    <UnitTest name="GetAlphabetsWithLikelihoodsTest2" storage="c:\users\epnichols\documents\visual studio 2010\projects\rhythmcat\rhythmcattests\bin\debug\rhythmcattests.dll" id="4050e997-a130-e455-f0aa-c2003360c489">
      <Execution id="fa2b5479-b14d-4e89-b7f3-a5676ecacda7" />
      <TestMethod codeBase="C:/Users/epnichols/Documents/Visual Studio 2010/Projects/RhythmCat/RhythmCatTests/bin/Debug/RhythmCatTests.DLL" adapterTypeName="Microsoft.VisualStudio.TestTools.TestTypes.Unit.UnitTestAdapter, Microsoft.VisualStudio.QualityTools.Tips.UnitTest.Adapter, Version=10.0.0.0, Culture=neutral, PublicKeyToken=b03f5f7f11d50a3a" className="RhythmCatTests.GroupTest, RhythmCatTests, Version=1.0.0.0, Culture=neutral, PublicKeyToken=null" name="GetAlphabetsWithLikelihoodsTest2" />
    </UnitTest>
    <UnitTest name="GetAttackPointLevelsTest34" storage="c:\users\epnichols\documents\visual studio 2010\projects\rhythmcat\rhythmcattests\bin\debug\rhythmcattests.dll" id="bf08efd6-6d91-b193-a262-43ecb34dba53">
      <Execution id="d5ead3e8-24fe-4543-9658-939b50e81213" />
      <TestMethod codeBase="C:/Users/epnichols/Documents/Visual Studio 2010/Projects/RhythmCat/RhythmCatTests/bin/Debug/RhythmCatTests.DLL" adapterTypeName="Microsoft.VisualStudio.TestTools.TestTypes.Unit.UnitTestAdapter, Microsoft.VisualStudio.QualityTools.Tips.UnitTest.Adapter, Version=10.0.0.0, Culture=neutral, PublicKeyToken=b03f5f7f11d50a3a" className="RhythmCatTests.MeasureTest, RhythmCatTests, Version=1.0.0.0, Culture=neutral, PublicKeyToken=null" name="GetAttackPointLevelsTest34" />
    </UnitTest>
    <UnitTest name="TestGetAlphabets" storage="c:\users\epnichols\documents\visual studio 2010\projects\rhythmcat\rhythmcattests\bin\debug\rhythmcattests.dll" id="98e58ba9-e175-0bce-64c9-41e4e689a432">
      <Execution id="607d8544-7d06-4c4f-a865-157a54ceb2e2" />
      <TestMethod codeBase="C:/Users/epnichols/Documents/Visual Studio 2010/Projects/RhythmCat/RhythmCatTests/bin/Debug/RhythmCatTests.DLL" adapterTypeName="Microsoft.VisualStudio.TestTools.TestTypes.Unit.UnitTestAdapter, Microsoft.VisualStudio.QualityTools.Tips.UnitTest.Adapter, Version=10.0.0.0, Culture=neutral, PublicKeyToken=b03f5f7f11d50a3a" className="RhythmCatTests.AlphabetTest, RhythmCatTests, Version=1.0.0.0, Culture=neutral, PublicKeyToken=null" name="TestGetAlphabets" />
    </UnitTest>
    <UnitTest name="TestExpectationVector" storage="c:\users\epnichols\documents\visual studio 2010\projects\rhythmcat\rhythmcattests\bin\debug\rhythmcattests.dll" id="60346bc6-447b-1856-4996-1496b72a2196">
      <Execution id="e58c4f53-3d56-49d8-b574-39a346a1319d" />
      <TestMethod codeBase="C:/Users/epnichols/Documents/Visual Studio 2010/Projects/RhythmCat/RhythmCatTests/bin/Debug/RhythmCatTests.DLL" adapterTypeName="Microsoft.VisualStudio.TestTools.TestTypes.Unit.UnitTestAdapter, Microsoft.VisualStudio.QualityTools.Tips.UnitTest.Adapter, Version=10.0.0.0, Culture=neutral, PublicKeyToken=b03f5f7f11d50a3a" className="RhythmCatTests.TestLarsonExpectedness, RhythmCatTests, Version=1.0.0.0, Culture=neutral, PublicKeyToken=null" name="TestExpectationVector" />
    </UnitTest>
    <UnitTest name="GetMajorScaleAlphabetWithTriadOnDegreeTest" storage="c:\users\epnichols\documents\visual studio 2010\projects\rhythmcat\rhythmcattests\bin\debug\rhythmcattests.dll" id="8fbdded3-bfb5-ed36-ea4a-a66afc34622d">
      <Execution id="9db97d68-99de-4f71-a4a3-02dfd1d898e2" />
      <TestMethod codeBase="C:/Users/epnichols/Documents/Visual Studio 2010/Projects/RhythmCat/RhythmCatTests/bin/Debug/RhythmCatTests.DLL" adapterTypeName="Microsoft.VisualStudio.TestTools.TestTypes.Unit.UnitTestAdapter, Microsoft.VisualStudio.QualityTools.Tips.UnitTest.Adapter, Version=10.0.0.0, Culture=neutral, PublicKeyToken=b03f5f7f11d50a3a" className="RhythmCatTests.AlphabetTest, RhythmCatTests, Version=1.0.0.0, Culture=neutral, PublicKeyToken=null" name="GetMajorScaleAlphabetWithTriadOnDegreeTest" />
    </UnitTest>
    <UnitTest name="GetAttackPointLevelsTest44" storage="c:\users\epnichols\documents\visual studio 2010\projects\rhythmcat\rhythmcattests\bin\debug\rhythmcattests.dll" id="c2d3e0e9-d4e2-a4f0-3b31-76b55c0309f5">
      <Execution id="a6388ac2-03ce-47c4-bee0-7686b08a8f70" />
      <TestMethod codeBase="C:/Users/epnichols/Documents/Visual Studio 2010/Projects/RhythmCat/RhythmCatTests/bin/Debug/RhythmCatTests.DLL" adapterTypeName="Microsoft.VisualStudio.TestTools.TestTypes.Unit.UnitTestAdapter, Microsoft.VisualStudio.QualityTools.Tips.UnitTest.Adapter, Version=10.0.0.0, Culture=neutral, PublicKeyToken=b03f5f7f11d50a3a" className="RhythmCatTests.MeasureTest, RhythmCatTests, Version=1.0.0.0, Culture=neutral, PublicKeyToken=null" name="GetAttackPointLevelsTest44" />
    </UnitTest>
    <UnitTest name="GetAlphabetsWithLikelihoodsTest1" storage="c:\users\epnichols\documents\visual studio 2010\projects\rhythmcat\rhythmcattests\bin\debug\rhythmcattests.dll" id="4517ac27-71db-2528-43bd-593ea40ca0b6">
      <Execution id="3ad10b54-1494-4cce-895f-6ff9709b250d" />
      <TestMethod codeBase="C:/Users/epnichols/Documents/Visual Studio 2010/Projects/RhythmCat/RhythmCatTests/bin/Debug/RhythmCatTests.DLL" adapterTypeName="Microsoft.VisualStudio.TestTools.TestTypes.Unit.UnitTestAdapter, Microsoft.VisualStudio.QualityTools.Tips.UnitTest.Adapter, Version=10.0.0.0, Culture=neutral, PublicKeyToken=b03f5f7f11d50a3a" className="RhythmCatTests.GroupTest, RhythmCatTests, Version=1.0.0.0, Culture=neutral, PublicKeyToken=null" name="GetAlphabetsWithLikelihoodsTest1" />
    </UnitTest>
    <UnitTest name="TestShiftRhythmMeasures" storage="c:\users\epnichols\documents\visual studio 2010\projects\rhythmcat\rhythmcattests\bin\debug\rhythmcattests.dll" id="7dab547a-8352-7397-de2e-8d1272634259">
      <Execution id="832c6660-523e-47e9-aa63-e918caf58375" />
      <TestMethod codeBase="C:/Users/epnichols/Documents/Visual Studio 2010/Projects/RhythmCat/RhythmCatTests/bin/Debug/RhythmCatTests.DLL" adapterTypeName="Microsoft.VisualStudio.TestTools.TestTypes.Unit.UnitTestAdapter, Microsoft.VisualStudio.QualityTools.Tips.UnitTest.Adapter, Version=10.0.0.0, Culture=neutral, PublicKeyToken=b03f5f7f11d50a3a" className="RhythmCatTests.RhythmTest, RhythmCatTests, Version=1.0.0.0, Culture=neutral, PublicKeyToken=null" name="TestShiftRhythmMeasures" />
    </UnitTest>
    <UnitTest name="TestParseMeasuresKey" storage="c:\users\epnichols\documents\visual studio 2010\projects\rhythmcat\rhythmcattests\bin\debug\rhythmcattests.dll" id="2e9cd80c-6551-0cf8-e12c-f9192c13bd94">
      <Execution id="c8a7d775-226c-4309-8f5e-d5a3108bbeba" />
      <TestMethod codeBase="C:/Users/epnichols/Documents/Visual Studio 2010/Projects/RhythmCat/RhythmCatTests/bin/Debug/RhythmCatTests.DLL" adapterTypeName="Microsoft.VisualStudio.TestTools.TestTypes.Unit.UnitTestAdapter, Microsoft.VisualStudio.QualityTools.Tips.UnitTest.Adapter, Version=10.0.0.0, Culture=neutral, PublicKeyToken=b03f5f7f11d50a3a" className="RhythmCatTests.RhythmTest, RhythmCatTests, Version=1.0.0.0, Culture=neutral, PublicKeyToken=null" name="TestParseMeasuresKey" />
    </UnitTest>
    <UnitTest name="GetAlphabetFromScaleWithTriadOnDegreeTest" storage="c:\users\epnichols\documents\visual studio 2010\projects\rhythmcat\rhythmcattests\bin\debug\rhythmcattests.dll" id="99eef4d8-b42a-db69-936e-d4f83503c233">
      <Execution id="f4bf8d57-a097-4b2d-b16f-123514731e9c" />
      <TestMethod codeBase="C:/Users/epnichols/Documents/Visual Studio 2010/Projects/RhythmCat/RhythmCatTests/bin/Debug/RhythmCatTests.DLL" adapterTypeName="Microsoft.VisualStudio.TestTools.TestTypes.Unit.UnitTestAdapter, Microsoft.VisualStudio.QualityTools.Tips.UnitTest.Adapter, Version=10.0.0.0, Culture=neutral, PublicKeyToken=b03f5f7f11d50a3a" className="RhythmCatTests.AlphabetTest, RhythmCatTests, Version=1.0.0.0, Culture=neutral, PublicKeyToken=null" name="GetAlphabetFromScaleWithTriadOnDegreeTest" />
    </UnitTest>
  </TestDefinitions>
  <TestLists>
    <TestList name="Results Not in a List" id="8c84fa94-04c1-424b-9868-57a2d4851a1d" />
    <TestList name="All Loaded Results" id="19431567-8539-422a-85d7-44ee4e166bda" />
  </TestLists>
  <TestEntries>
    <TestEntry testId="2e9cd80c-6551-0cf8-e12c-f9192c13bd94" executionId="c8a7d775-226c-4309-8f5e-d5a3108bbeba" testListId="8c84fa94-04c1-424b-9868-57a2d4851a1d" />
    <TestEntry testId="4050e997-a130-e455-f0aa-c2003360c489" executionId="fa2b5479-b14d-4e89-b7f3-a5676ecacda7" testListId="8c84fa94-04c1-424b-9868-57a2d4851a1d" />
    <TestEntry testId="4517ac27-71db-2528-43bd-593ea40ca0b6" executionId="3ad10b54-1494-4cce-895f-6ff9709b250d" testListId="8c84fa94-04c1-424b-9868-57a2d4851a1d" />
    <TestEntry testId="60346bc6-447b-1856-4996-1496b72a2196" executionId="e58c4f53-3d56-49d8-b574-39a346a1319d" testListId="8c84fa94-04c1-424b-9868-57a2d4851a1d" />
    <TestEntry testId="7dab547a-8352-7397-de2e-8d1272634259" executionId="832c6660-523e-47e9-aa63-e918caf58375" testListId="8c84fa94-04c1-424b-9868-57a2d4851a1d" />
    <TestEntry testId="8fbdded3-bfb5-ed36-ea4a-a66afc34622d" executionId="9db97d68-99de-4f71-a4a3-02dfd1d898e2" testListId="8c84fa94-04c1-424b-9868-57a2d4851a1d" />
    <TestEntry testId="98e58ba9-e175-0bce-64c9-41e4e689a432" executionId="607d8544-7d06-4c4f-a865-157a54ceb2e2" testListId="8c84fa94-04c1-424b-9868-57a2d4851a1d" />
    <TestEntry testId="99eef4d8-b42a-db69-936e-d4f83503c233" executionId="f4bf8d57-a097-4b2d-b16f-123514731e9c" testListId="8c84fa94-04c1-424b-9868-57a2d4851a1d" />
    <TestEntry testId="bf08efd6-6d91-b193-a262-43ecb34dba53" executionId="d5ead3e8-24fe-4543-9658-939b50e81213" testListId="8c84fa94-04c1-424b-9868-57a2d4851a1d" />
    <TestEntry testId="c2d3e0e9-d4e2-a4f0-3b31-76b55c0309f5" executionId="a6388ac2-03ce-47c4-bee0-7686b08a8f70" testListId="8c84fa94-04c1-424b-9868-57a2d4851a1d" />
    <TestEntry testId="ec43728e-17fa-a272-1f36-181563a2be47" executionId="4589f7db-6b92-465a-a547-111ce33b7ea5" testListId="8c84fa94-04c1-424b-9868-57a2d4851a1d" />
  </TestEntries>
  <Results>
    <UnitTestResult executionId="c8a7d775-226c-4309-8f5e-d5a3108bbeba" testId="2e9cd80c-6551-0cf8-e12c-f9192c13bd94" testName="TestParseMeasuresKey" computerName="MACBOOK-WIN7" duration="00:00:00.1050926" startTime="2012-07-13T14:52:45.9565476-04:00" endTime="2012-07-13T14:52:46.5145795-04:00" testType="13cdc9d9-ddb5-4fa4-a97d-d965ccfc6d4b" outcome="Passed" testListId="8c84fa94-04c1-424b-9868-57a2d4851a1d" relativeResultsDirectory="c8a7d775-226c-4309-8f5e-d5a3108bbeba">
    </UnitTestResult>
    <UnitTestResult executionId="fa2b5479-b14d-4e89-b7f3-a5676ecacda7" testId="4050e997-a130-e455-f0aa-c2003360c489" testName="GetAlphabetsWithLikelihoodsTest2" computerName="MACBOOK-WIN7" duration="00:00:00.0842869" startTime="2012-07-13T14:52:46.5185798-04:00" endTime="2012-07-13T14:52:46.6135852-04:00" testType="13cdc9d9-ddb5-4fa4-a97d-d965ccfc6d4b" outcome="Failed" testListId="8c84fa94-04c1-424b-9868-57a2d4851a1d" relativeResultsDirectory="fa2b5479-b14d-4e89-b7f3-a5676ecacda7">
      <Output>
        <ErrorInfo>
          <Message>Assert.AreEqual failed. Expected:&lt;5&gt;. Actual:&lt;1&gt;. </Message>
          <StackTrace>   at RhythmCatTests.GroupTest.GetAlphabetsWithLikelihoodsTest2() in C:\Users\epnichols\Documents\Visual Studio 2010\Projects\RhythmCat\RhythmCatTests\GroupTest.cs:line 115
</StackTrace>
        </ErrorInfo>
      </Output>
    </UnitTestResult>
    <UnitTestResult executionId="3ad10b54-1494-4cce-895f-6ff9709b250d" testId="4517ac27-71db-2528-43bd-593ea40ca0b6" testName="GetAlphabetsWithLikelihoodsTest1" computerName="MACBOOK-WIN7" duration="00:00:00.0048615" startTime="2012-07-13T14:52:46.6185855-04:00" endTime="2012-07-13T14:52:46.6345864-04:00" testType="13cdc9d9-ddb5-4fa4-a97d-d965ccfc6d4b" outcome="Failed" testListId="8c84fa94-04c1-424b-9868-57a2d4851a1d" relativeResultsDirectory="3ad10b54-1494-4cce-895f-6ff9709b250d">
      <Output>
        <ErrorInfo>
          <Message>Assert.AreEqual failed. Expected:&lt;5&gt;. Actual:&lt;1&gt;. </Message>
          <StackTrace>   at RhythmCatTests.GroupTest.GetAlphabetsWithLikelihoodsTest1() in C:\Users\epnichols\Documents\Visual Studio 2010\Projects\RhythmCat\RhythmCatTests\GroupTest.cs:line 87
</StackTrace>
        </ErrorInfo>
      </Output>
    </UnitTestResult>
    <UnitTestResult executionId="e58c4f53-3d56-49d8-b574-39a346a1319d" testId="60346bc6-447b-1856-4996-1496b72a2196" testName="TestExpectationVector" computerName="MACBOOK-WIN7" duration="00:00:00.0147144" startTime="2012-07-13T14:52:46.6385866-04:00" endTime="2012-07-13T14:52:46.6645881-04:00" testType="13cdc9d9-ddb5-4fa4-a97d-d965ccfc6d4b" outcome="Passed" testListId="8c84fa94-04c1-424b-9868-57a2d4851a1d" relativeResultsDirectory="e58c4f53-3d56-49d8-b574-39a346a1319d">
      <Output>
        <StdOut>C4: 0
D4: 0
E4: 0.187
F4: 0.187
MIN: G4: -0.137
MAX: A4: 0.187
MIN: B4: 0.127
MAX: C5: 0.592
MIN: C5: -0.187
MAX: B4: 0
MIN: A4: -0.13
G#4: 0.335
MAX: G4: 0.68
MIN: F4: 0.275
MAX: E4: 0.599
D4: 0.275
C#4: 0.275
MAX: C4: 0.659
MIN: B3: 0.187
C4: 0.218</StdOut>
      </Output>
    </UnitTestResult>
    <UnitTestResult executionId="832c6660-523e-47e9-aa63-e918caf58375" testId="7dab547a-8352-7397-de2e-8d1272634259" testName="TestShiftRhythmMeasures" computerName="MACBOOK-WIN7" duration="00:00:00.0075810" startTime="2012-07-13T14:52:46.6685883-04:00" endTime="2012-07-13T14:52:46.6865894-04:00" testType="13cdc9d9-ddb5-4fa4-a97d-d965ccfc6d4b" outcome="Passed" testListId="8c84fa94-04c1-424b-9868-57a2d4851a1d" relativeResultsDirectory="832c6660-523e-47e9-aa63-e918caf58375">
    </UnitTestResult>
    <UnitTestResult executionId="9db97d68-99de-4f71-a4a3-02dfd1d898e2" testId="8fbdded3-bfb5-ed36-ea4a-a66afc34622d" testName="GetMajorScaleAlphabetWithTriadOnDegreeTest" computerName="MACBOOK-WIN7" duration="00:00:00.0020279" startTime="2012-07-13T14:52:46.6915897-04:00" endTime="2012-07-13T14:52:46.7025903-04:00" testType="13cdc9d9-ddb5-4fa4-a97d-d965ccfc6d4b" outcome="Passed" testListId="8c84fa94-04c1-424b-9868-57a2d4851a1d" relativeResultsDirectory="9db97d68-99de-4f71-a4a3-02dfd1d898e2">
    </UnitTestResult>
    <UnitTestResult executionId="607d8544-7d06-4c4f-a865-157a54ceb2e2" testId="98e58ba9-e175-0bce-64c9-41e4e689a432" testName="TestGetAlphabets" computerName="MACBOOK-WIN7" duration="00:00:00.0050416" startTime="2012-07-13T14:52:46.7065905-04:00" endTime="2012-07-13T14:52:46.7205913-04:00" testType="13cdc9d9-ddb5-4fa4-a97d-d965ccfc6d4b" outcome="Passed" testListId="8c84fa94-04c1-424b-9868-57a2d4851a1d" relativeResultsDirectory="607d8544-7d06-4c4f-a865-157a54ceb2e2">
      <Output>
        <StdOut>Major
1 2 3 4 5 6 7 
2 4 6 1 
4 6 1 
4 6 1 3 
Minor
1 2 3b 4 5 6b 7b 
2 4 6b 1 
4 6b 1 
4 6b 1 3b 
1 2 3b 4 5 6 7 
2 4 6 1 
4 6 1 
4 6 1 3b 
1 2 3b 4 5 6b 7</StdOut>
      </Output>
    </UnitTestResult>
    <UnitTestResult executionId="f4bf8d57-a097-4b2d-b16f-123514731e9c" testId="99eef4d8-b42a-db69-936e-d4f83503c233" testName="GetAlphabetFromScaleWithTriadOnDegreeTest" computerName="MACBOOK-WIN7" duration="00:00:00.0096322" startTime="2012-07-13T14:52:46.7255916-04:00" endTime="2012-07-13T14:52:46.7445927-04:00" testType="13cdc9d9-ddb5-4fa4-a97d-d965ccfc6d4b" outcome="Passed" testListId="8c84fa94-04c1-424b-9868-57a2d4851a1d" relativeResultsDirectory="f4bf8d57-a097-4b2d-b16f-123514731e9c">
    </UnitTestResult>
    <UnitTestResult executionId="d5ead3e8-24fe-4543-9658-939b50e81213" testId="bf08efd6-6d91-b193-a262-43ecb34dba53" testName="GetAttackPointLevelsTest34" computerName="MACBOOK-WIN7" duration="00:00:00.0012301" startTime="2012-07-13T14:52:46.7485929-04:00" endTime="2012-07-13T14:52:46.7595936-04:00" testType="13cdc9d9-ddb5-4fa4-a97d-d965ccfc6d4b" outcome="Passed" testListId="8c84fa94-04c1-424b-9868-57a2d4851a1d" relativeResultsDirectory="d5ead3e8-24fe-4543-9658-939b50e81213">
    </UnitTestResult>
    <UnitTestResult executionId="a6388ac2-03ce-47c4-bee0-7686b08a8f70" testId="c2d3e0e9-d4e2-a4f0-3b31-76b55c0309f5" testName="GetAttackPointLevelsTest44" computerName="MACBOOK-WIN7" duration="00:00:00.0007661" startTime="2012-07-13T14:52:46.7635938-04:00" endTime="2012-07-13T14:52:46.7745944-04:00" testType="13cdc9d9-ddb5-4fa4-a97d-d965ccfc6d4b" outcome="Passed" testListId="8c84fa94-04c1-424b-9868-57a2d4851a1d" relativeResultsDirectory="a6388ac2-03ce-47c4-bee0-7686b08a8f70">
    </UnitTestResult>
    <UnitTestResult executionId="4589f7db-6b92-465a-a547-111ce33b7ea5" testId="ec43728e-17fa-a272-1f36-181563a2be47" testName="TestParseMeasures" computerName="MACBOOK-WIN7" duration="00:00:00.0042913" startTime="2012-07-13T14:52:46.7785946-04:00" endTime="2012-07-13T14:52:46.7915954-04:00" testType="13cdc9d9-ddb5-4fa4-a97d-d965ccfc6d4b" outcome="Passed" testListId="8c84fa94-04c1-424b-9868-57a2d4851a1d" relativeResultsDirectory="4589f7db-6b92-465a-a547-111ce33b7ea5">
    </UnitTestResult>
  </Results>
</TestRun>