<?xml version="1.0" encoding="UTF-8"?>
<TestRun id="4f48b9d2-dc13-4071-916e-0bbe75a5f172" name="epnichols@MACBOOK-WIN7 2012-07-13 13:19:11" runUser="MacBook-Win7\epnichols" xmlns="http://microsoft.com/schemas/VisualStudio/TeamTest/2010">
  <TestSettings name="Default Test Settings" id="e8cb8874-c6fb-4a51-bba7-ec2d4653cb97">
    <Deployment runDeploymentRoot="epnichols_MACBOOK-WIN7 2012-07-13 13_19_11">
      <DeploymentItem filename="C:\Users\epnichols\Documents\Visual Studio 2010\Projects\RhythmCat\GroundTruthParser\bin\Debug\GroundTruthParser.dll" />
      <DeploymentItem filename="C:\Users\epnichols\Documents\Visual Studio 2010\Projects\RhythmCat\RhythmCat\bin\Debug\RhythmCat.exe" />
    </Deployment>
    <Execution>
      <TestTypeSpecific />
      <AgentRule name="Execution Agents">
      </AgentRule>
    </Execution>
  </TestSettings>
  <Times creation="2012-07-13T13:19:11.3689067-04:00" queuing="2012-07-13T13:19:15.9851655-04:00" start="2012-07-13T13:19:16.5971985-04:00" finish="2012-07-13T13:21:56.7345488-04:00" />
  <ResultSummary outcome="Error">
    <Counters total="1" executed="1" error="0" failed="0" timeout="0" aborted="1" inconclusive="0" passedButRunAborted="0" notRunnable="0" notExecuted="0" disconnected="0" warning="0" passed="0" completed="0" inProgress="0" pending="0" />
    <RunInfos>
      <RunInfo computerName="MACBOOK-WIN7" outcome="Error" timestamp="2012-07-13T13:21:56.7295488-04:00">
        <Text>Test host process exited unexpectedly.</Text>
      </RunInfo>
    </RunInfos>
  </ResultSummary>
  <TestDefinitions>
    <UnitTest name="GetAlphabetsWithLikelihoodsTest1" storage="c:\users\epnichols\documents\visual studio 2010\projects\rhythmcat\rhythmcattests\bin\debug\rhythmcattests.dll" id="4517ac27-71db-2528-43bd-593ea40ca0b6">
      <Execution id="dd8c504a-b1b0-49ef-b76e-92038ce3b0cb" />
      <TestMethod codeBase="C:/Users/epnichols/Documents/Visual Studio 2010/Projects/RhythmCat/RhythmCatTests/bin/Debug/RhythmCatTests.DLL" adapterTypeName="Microsoft.VisualStudio.TestTools.TestTypes.Unit.UnitTestAdapter, Microsoft.VisualStudio.QualityTools.Tips.UnitTest.Adapter, Version=10.0.0.0, Culture=neutral, PublicKeyToken=b03f5f7f11d50a3a" className="RhythmCatTests.GroupTest, RhythmCatTests, Version=1.0.0.0, Culture=neutral, PublicKeyToken=null" name="GetAlphabetsWithLikelihoodsTest1" />
    </UnitTest>
  </TestDefinitions>
  <TestLists>
    <TestList name="Results Not in a List" id="8c84fa94-04c1-424b-9868-57a2d4851a1d" />
    <TestList name="All Loaded Results" id="19431567-8539-422a-85d7-44ee4e166bda" />
  </TestLists>
  <TestEntries>
    <TestEntry testId="4517ac27-71db-2528-43bd-593ea40ca0b6" executionId="dd8c504a-b1b0-49ef-b76e-92038ce3b0cb" testListId="8c84fa94-04c1-424b-9868-57a2d4851a1d" />
  </TestEntries>
  <Results>
    <UnitTestResult executionId="dd8c504a-b1b0-49ef-b76e-92038ce3b0cb" testId="4517ac27-71db-2528-43bd-593ea40ca0b6" testName="GetAlphabetsWithLikelihoodsTest1" computerName="MACBOOK-WIN7" duration="00:02:39.6723242" startTime="2012-07-13T13:19:17.0622246-04:00" endTime="2012-07-13T13:21:56.7345488-04:00" testType="13cdc9d9-ddb5-4fa4-a97d-d965ccfc6d4b" outcome="Aborted" testListId="8c84fa94-04c1-424b-9868-57a2d4851a1d" relativeResultsDirectory="dd8c504a-b1b0-49ef-b76e-92038ce3b0cb">
    </UnitTestResult>
  </Results>
</TestRun>